<?xml version="1.0" encoding="UTF-8"?>
<!-- Generated by org.testng.reporters.JUnitReportReporter -->
<testsuite skipped="0" hostname="MP-BLR-LAP22" name="com.bcg.Tests.FirstExampleTest" tests="1" failures="0" timestamp="2020-09-28T14:27:49 IST" time="25.285" errors="0">
  <testcase name="testUntitledTestCase" time="25.285" classname="com.bcg.Tests.FirstExampleTest"/>
  <system-out/>
</testsuite> <!-- com.bcg.Tests.FirstExampleTest -->
